<?xml version="1.0" encoding="UTF-8"?>
<testng-results skipped="0" failed="0" total="1" passed="1">
  <reporter-output>
  </reporter-output>
  <suite name="Default suite" duration-ms="29616" started-at="2018-08-20T18:03:46Z" finished-at="2018-08-20T18:04:15Z">
    <groups>
    </groups>
    <test name="Default test" duration-ms="29616" started-at="2018-08-20T18:03:46Z" finished-at="2018-08-20T18:04:15Z">
      <class name="Homepage">
        <test-method status="PASS" signature="test()" name="test" duration-ms="29569" started-at="2018-08-20T18:03:46Z" finished-at="2018-08-20T18:04:15Z">
        </test-method>
      </class>
    </test>
  </suite>
</testng-results>
